# JRE version: Java(TM) SE Runtime Environment (8.0_131-b11) (build 1.8.0_131-b11)
# Java VM: Java HotSpot(TM) 64-Bit Server VM (25.131-b11 mixed mode windows-amd64 compressed oops)
Heap:
 PSYoungGen      total 324096K, used 297664K [0x00000000eb300000, 0x0000000100000000, 0x0000000100000000)
  eden space 307200K, 96% used [0x00000000eb300000,0x00000000fd5b0010,0x00000000fdf00000)
  from space 16896K, 0% used [0x00000000fdf00000,0x00000000fdf00000,0x00000000fef80000)
  to   space 16896K, 0% used [0x00000000fef80000,0x00000000fef80000,0x0000000100000000)
 ParOldGen       total 105472K, used 46003K [0x00000000c1800000, 0x00000000c7f00000, 0x00000000eb300000)
  object space 105472K, 43% used [0x00000000c1800000,0x00000000c44ece20,0x00000000c7f00000)
 Metaspace       used 61352K, capacity 64866K, committed 65024K, reserved 1105920K
  class space    used 8033K, capacity 8619K, committed 8704K, reserved 1048576K
GC Heap History (10 events):
Event: 49.255 GC heap before
{Heap before GC invocations=16 (full 2):
 PSYoungGen      total 262144K, used 262115K [0x00000000eb300000, 0x00000000ff980000, 0x0000000100000000)
  eden space 251904K, 100% used [0x00000000eb300000,0x00000000fa900000,0x00000000fa900000)
  from space 10240K, 99% used [0x00000000fa900000,0x00000000fb2f8f08,0x00000000fb300000)
  to   space 12800K, 0% used [0x00000000fed00000,0x00000000fed00000,0x00000000ff980000)
 ParOldGen       total 58880K, used 21610K [0x00000000c1800000, 0x00000000c5180000, 0x00000000eb300000)
  object space 58880K, 36% used [0x00000000c1800000,0x00000000c2d1aba8,0x00000000c5180000)
 Metaspace       used 43620K, capacity 45448K, committed 45568K, reserved 1089536K
  class space    used 5740K, capacity 6100K, committed 6144K, reserved 1048576K
Event: 49.289 GC heap after
Heap after GC invocations=16 (full 2):
 PSYoungGen      total 321536K, used 8461K [0x00000000eb300000, 0x00000000ffe80000, 0x0000000100000000)
  eden space 308736K, 0% used [0x00000000eb300000,0x00000000eb300000,0x00000000fe080000)
  from space 12800K, 66% used [0x00000000fed00000,0x00000000ff543400,0x00000000ff980000)
  to   space 12800K, 0% used [0x00000000fe080000,0x00000000fe080000,0x00000000fed00000)
 ParOldGen       total 58880K, used 30626K [0x00000000c1800000, 0x00000000c5180000, 0x00000000eb300000)
  object space 58880K, 52% used [0x00000000c1800000,0x00000000c35e8960,0x00000000c5180000)
 Metaspace       used 43620K, capacity 45448K, committed 45568K, reserved 1089536K
  class space    used 5740K, capacity 6100K, committed 6144K, reserved 1048576K
}
Event: 53.490 GC heap before
{Heap before GC invocations=17 (full 2):
 PSYoungGen      total 321536K, used 317197K [0x00000000eb300000, 0x00000000ffe80000, 0x0000000100000000)
  eden space 308736K, 100% used [0x00000000eb300000,0x00000000fe080000,0x00000000fe080000)
  from space 12800K, 66% used [0x00000000fed00000,0x00000000ff543400,0x00000000ff980000)
  to   space 12800K, 0% used [0x00000000fe080000,0x00000000fe080000,0x00000000fed00000)
 ParOldGen       total 58880K, used 30626K [0x00000000c1800000, 0x00000000c5180000, 0x00000000eb300000)
  object space 58880K, 52% used [0x00000000c1800000,0x00000000c35e8960,0x00000000c5180000)
 Metaspace       used 48606K, capacity 50740K, committed 50944K, reserved 1093632K
  class space    used 6437K, capacity 6843K, committed 6912K, reserved 1048576K
Event: 53.563 GC heap after
Heap after GC invocations=17 (full 2):
 PSYoungGen      total 321536K, used 12794K [0x00000000eb300000, 0x0000000100000000, 0x0000000100000000)
  eden space 308736K, 0% used [0x00000000eb300000,0x00000000eb300000,0x00000000fe080000)
  from space 12800K, 99% used [0x00000000fe080000,0x00000000fecfe8b8,0x00000000fed00000)
  to   space 15872K, 0% used [0x00000000ff080000,0x00000000ff080000,0x0000000100000000)
 ParOldGen       total 58880K, used 33000K [0x00000000c1800000, 0x00000000c5180000, 0x00000000eb300000)
  object space 58880K, 56% used [0x00000000c1800000,0x00000000c383a0c8,0x00000000c5180000)
 Metaspace       used 48606K, capacity 50740K, committed 50944K, reserved 1093632K
  class space    used 6437K, capacity 6843K, committed 6912K, reserved 1048576K
}
Event: 68.606 GC heap before
{Heap before GC invocations=18 (full 2):
 PSYoungGen      total 321536K, used 321530K [0x00000000eb300000, 0x0000000100000000, 0x0000000100000000)
  eden space 308736K, 100% used [0x00000000eb300000,0x00000000fe080000,0x00000000fe080000)
  from space 12800K, 99% used [0x00000000fe080000,0x00000000fecfe8b8,0x00000000fed00000)
  to   space 15872K, 0% used [0x00000000ff080000,0x00000000ff080000,0x0000000100000000)
 ParOldGen       total 58880K, used 33000K [0x00000000c1800000, 0x00000000c5180000, 0x00000000eb300000)
  object space 58880K, 56% used [0x00000000c1800000,0x00000000c383a0c8,0x00000000c5180000)
 Metaspace       used 54941K, capacity 57708K, committed 57856K, reserved 1099776K
  class space    used 7216K, capacity 7673K, committed 7680K, reserved 1048576K
Event: 69.029 GC heap after
Heap after GC invocations=18 (full 2):
 PSYoungGen      total 323072K, used 12054K [0x00000000eb300000, 0x0000000100000000, 0x0000000100000000)
  eden space 307200K, 0% used [0x00000000eb300000,0x00000000eb300000,0x00000000fdf00000)
  from space 15872K, 75% used [0x00000000ff080000,0x00000000ffc45908,0x0000000100000000)
  to   space 16896K, 0% used [0x00000000fdf00000,0x00000000fdf00000,0x00000000fef80000)
 ParOldGen       total 58880K, used 44405K [0x00000000c1800000, 0x00000000c5180000, 0x00000000eb300000)
  object space 58880K, 75% used [0x00000000c1800000,0x00000000c435d5e0,0x00000000c5180000)
 Metaspace       used 54941K, capacity 57708K, committed 57856K, reserved 1099776K
  class space    used 7216K, capacity 7673K, committed 7680K, reserved 1048576K
}
Event: 73.204 GC heap before
{Heap before GC invocations=19 (full 2):
 PSYoungGen      total 323072K, used 59742K [0x00000000eb300000, 0x0000000100000000, 0x0000000100000000)
  eden space 307200K, 15% used [0x00000000eb300000,0x00000000ee192138,0x00000000fdf00000)
  from space 15872K, 75% used [0x00000000ff080000,0x00000000ffc45908,0x0000000100000000)
  to   space 16896K, 0% used [0x00000000fdf00000,0x00000000fdf00000,0x00000000fef80000)
 ParOldGen       total 58880K, used 44405K [0x00000000c1800000, 0x00000000c5180000, 0x00000000eb300000)
  object space 58880K, 75% used [0x00000000c1800000,0x00000000c435d5e0,0x00000000c5180000)
 Metaspace       used 56338K, capacity 59084K, committed 59136K, reserved 1099776K
  class space    used 7412K, capacity 7887K, committed 7936K, reserved 1048576K
Event: 73.223 GC heap after
Heap after GC invocations=19 (full 2):
 PSYoungGen      total 324096K, used 2234K [0x00000000eb300000, 0x0000000100000000, 0x0000000100000000)
  eden space 307200K, 0% used [0x00000000eb300000,0x00000000eb300000,0x00000000fdf00000)
  from space 16896K, 13% used [0x00000000fdf00000,0x00000000fe12e8f0,0x00000000fef80000)
  to   space 16896K, 0% used [0x00000000fef80000,0x00000000fef80000,0x0000000100000000)
 ParOldGen       total 58880K, used 51314K [0x00000000c1800000, 0x00000000c5180000, 0x00000000eb300000)
  object space 58880K, 87% used [0x00000000c1800000,0x00000000c4a1c948,0x00000000c5180000)
 Metaspace       used 56338K, capacity 59084K, committed 59136K, reserved 1099776K
  class space    used 7412K, capacity 7887K, committed 7936K, reserved 1048576K
}
Event: 73.224 GC heap before
{Heap before GC invocations=20 (full 3):
 PSYoungGen      total 324096K, used 2234K [0x00000000eb300000, 0x0000000100000000, 0x0000000100000000)
  eden space 307200K, 0% used [0x00000000eb300000,0x00000000eb300000,0x00000000fdf00000)
  from space 16896K, 13% used [0x00000000fdf00000,0x00000000fe12e8f0,0x00000000fef80000)
  to   space 16896K, 0% used [0x00000000fef80000,0x00000000fef80000,0x0000000100000000)
 ParOldGen       total 58880K, used 51314K [0x00000000c1800000, 0x00000000c5180000, 0x00000000eb300000)
  object space 58880K, 87% used [0x00000000c1800000,0x00000000c4a1c948,0x00000000c5180000)
 Metaspace       used 56338K, capacity 59084K, committed 59136K, reserved 1099776K
  class space    used 7412K, capacity 7887K, committed 7936K, reserved 1048576K
Event: 75.299 GC heap after
Heap after GC invocations=20 (full 3):
 PSYoungGen      total 324096K, used 0K [0x00000000eb300000, 0x0000000100000000, 0x0000000100000000)
  eden space 307200K, 0% used [0x00000000eb300000,0x00000000eb300000,0x00000000fdf00000)
  from space 16896K, 0% used [0x00000000fdf00000,0x00000000fdf00000,0x00000000fef80000)
  to   space 16896K, 0% used [0x00000000fef80000,0x00000000fef80000,0x0000000100000000)
 ParOldGen       total 105472K, used 46003K [0x00000000c1800000, 0x00000000c7f00000, 0x00000000eb300000)
  object space 105472K, 43% used [0x00000000c1800000,0x00000000c44ece20,0x00000000c7f00000)
 Metaspace       used 56338K, capacity 59084K, committed 59136K, reserved 1099776K
  class space    used 7412K, capacity 7887K, committed 7936K, reserved 1048576K
}

