# JRE version: Java(TM) SE Runtime Environment (8.0_131-b11) (build 1.8.0_131-b11)
# Java VM: Java HotSpot(TM) 64-Bit Server VM (25.131-b11 mixed mode windows-amd64 compressed oops)
Heap:
 PSYoungGen      total 315904K, used 192704K [0x00000000eb300000, 0x0000000100000000, 0x0000000100000000)
  eden space 297984K, 60% used [0x00000000eb300000,0x00000000f6216648,0x00000000fd600000)
  from space 17920K, 74% used [0x00000000fee80000,0x00000000ffb99ad8,0x0000000100000000)
  to   space 21504K, 0% used [0x00000000fd600000,0x00000000fd600000,0x00000000feb00000)
 ParOldGen       total 112640K, used 47253K [0x00000000c1800000, 0x00000000c8600000, 0x00000000eb300000)
  object space 112640K, 41% used [0x00000000c1800000,0x00000000c46255b0,0x00000000c8600000)
 Metaspace       used 69874K, capacity 73846K, committed 74112K, reserved 1114112K
  class space    used 9173K, capacity 9829K, committed 9856K, reserved 1048576K
GC Heap History (10 events):
Event: 108.287 GC heap before
{Heap before GC invocations=17 (full 2):
 PSYoungGen      total 307712K, used 307690K [0x00000000eb300000, 0x00000000ff400000, 0x0000000100000000)
  eden space 293888K, 100% used [0x00000000eb300000,0x00000000fd200000,0x00000000fd200000)
  from space 13824K, 99% used [0x00000000fe300000,0x00000000ff07a940,0x00000000ff080000)
  to   space 17408K, 0% used [0x00000000fd200000,0x00000000fd200000,0x00000000fe300000)
 ParOldGen       total 58368K, used 19847K [0x00000000c1800000, 0x00000000c5100000, 0x00000000eb300000)
  object space 58368K, 34% used [0x00000000c1800000,0x00000000c2b61dc0,0x00000000c5100000)
 Metaspace       used 49988K, capacity 52022K, committed 52352K, reserved 1095680K
  class space    used 6530K, capacity 6941K, committed 7040K, reserved 1048576K
Event: 108.500 GC heap after
Heap after GC invocations=17 (full 2):
 PSYoungGen      total 311296K, used 9671K [0x00000000eb300000, 0x0000000100000000, 0x0000000100000000)
  eden space 293888K, 0% used [0x00000000eb300000,0x00000000eb300000,0x00000000fd200000)
  from space 17408K, 55% used [0x00000000fd200000,0x00000000fdb71f88,0x00000000fe300000)
  to   space 17408K, 0% used [0x00000000fef00000,0x00000000fef00000,0x0000000100000000)
 ParOldGen       total 58368K, used 32921K [0x00000000c1800000, 0x00000000c5100000, 0x00000000eb300000)
  object space 58368K, 56% used [0x00000000c1800000,0x00000000c38264c8,0x00000000c5100000)
 Metaspace       used 49988K, capacity 52022K, committed 52352K, reserved 1095680K
  class space    used 6530K, capacity 6941K, committed 7040K, reserved 1048576K
}
Event: 122.046 GC heap before
{Heap before GC invocations=18 (full 2):
 PSYoungGen      total 311296K, used 303559K [0x00000000eb300000, 0x0000000100000000, 0x0000000100000000)
  eden space 293888K, 100% used [0x00000000eb300000,0x00000000fd200000,0x00000000fd200000)
  from space 17408K, 55% used [0x00000000fd200000,0x00000000fdb71f88,0x00000000fe300000)
  to   space 17408K, 0% used [0x00000000fef00000,0x00000000fef00000,0x0000000100000000)
 ParOldGen       total 58368K, used 32921K [0x00000000c1800000, 0x00000000c5100000, 0x00000000eb300000)
  object space 58368K, 56% used [0x00000000c1800000,0x00000000c38264c8,0x00000000c5100000)
 Metaspace       used 53760K, capacity 56002K, committed 56192K, reserved 1097728K
  class space    used 7049K, capacity 7468K, committed 7552K, reserved 1048576K
Event: 122.111 GC heap after
Heap after GC invocations=18 (full 2):
 PSYoungGen      total 322560K, used 12112K [0x00000000eb300000, 0x0000000100000000, 0x0000000100000000)
  eden space 305152K, 0% used [0x00000000eb300000,0x00000000eb300000,0x00000000fdd00000)
  from space 17408K, 69% used [0x00000000fef00000,0x00000000ffad40c0,0x0000000100000000)
  to   space 17920K, 0% used [0x00000000fdd00000,0x00000000fdd00000,0x00000000fee80000)
 ParOldGen       total 58368K, used 32929K [0x00000000c1800000, 0x00000000c5100000, 0x00000000eb300000)
  object space 58368K, 56% used [0x00000000c1800000,0x00000000c38284c8,0x00000000c5100000)
 Metaspace       used 53760K, capacity 56002K, committed 56192K, reserved 1097728K
  class space    used 7049K, capacity 7468K, committed 7552K, reserved 1048576K
}
Event: 126.928 GC heap before
{Heap before GC invocations=19 (full 2):
 PSYoungGen      total 322560K, used 303001K [0x00000000eb300000, 0x0000000100000000, 0x0000000100000000)
  eden space 305152K, 95% used [0x00000000eb300000,0x00000000fcf12440,0x00000000fdd00000)
  from space 17408K, 69% used [0x00000000fef00000,0x00000000ffad40c0,0x0000000100000000)
  to   space 17920K, 0% used [0x00000000fdd00000,0x00000000fdd00000,0x00000000fee80000)
 ParOldGen       total 58368K, used 32929K [0x00000000c1800000, 0x00000000c5100000, 0x00000000eb300000)
  object space 58368K, 56% used [0x00000000c1800000,0x00000000c38284c8,0x00000000c5100000)
 Metaspace       used 56354K, capacity 58982K, committed 59096K, reserved 1099776K
  class space    used 7474K, capacity 7982K, committed 8064K, reserved 1048576K
Event: 127.030 GC heap after
Heap after GC invocations=19 (full 2):
 PSYoungGen      total 323072K, used 17898K [0x00000000eb300000, 0x0000000100000000, 0x0000000100000000)
  eden space 305152K, 0% used [0x00000000eb300000,0x00000000eb300000,0x00000000fdd00000)
  from space 17920K, 99% used [0x00000000fdd00000,0x00000000fee7aad8,0x00000000fee80000)
  to   space 17920K, 0% used [0x00000000fee80000,0x00000000fee80000,0x0000000100000000)
 ParOldGen       total 58368K, used 33507K [0x00000000c1800000, 0x00000000c5100000, 0x00000000eb300000)
  object space 58368K, 57% used [0x00000000c1800000,0x00000000c38b8ef0,0x00000000c5100000)
 Metaspace       used 56354K, capacity 58982K, committed 59096K, reserved 1099776K
  class space    used 7474K, capacity 7982K, committed 8064K, reserved 1048576K
}
Event: 127.031 GC heap before
{Heap before GC invocations=20 (full 3):
 PSYoungGen      total 323072K, used 17898K [0x00000000eb300000, 0x0000000100000000, 0x0000000100000000)
  eden space 305152K, 0% used [0x00000000eb300000,0x00000000eb300000,0x00000000fdd00000)
  from space 17920K, 99% used [0x00000000fdd00000,0x00000000fee7aad8,0x00000000fee80000)
  to   space 17920K, 0% used [0x00000000fee80000,0x00000000fee80000,0x0000000100000000)
 ParOldGen       total 58368K, used 33507K [0x00000000c1800000, 0x00000000c5100000, 0x00000000eb300000)
  object space 58368K, 57% used [0x00000000c1800000,0x00000000c38b8ef0,0x00000000c5100000)
 Metaspace       used 56354K, capacity 58982K, committed 59096K, reserved 1099776K
  class space    used 7474K, capacity 7982K, committed 8064K, reserved 1048576K
Event: 128.484 GC heap after
Heap after GC invocations=20 (full 3):
 PSYoungGen      total 323072K, used 0K [0x00000000eb300000, 0x0000000100000000, 0x0000000100000000)
  eden space 305152K, 0% used [0x00000000eb300000,0x00000000eb300000,0x00000000fdd00000)
  from space 17920K, 0% used [0x00000000fdd00000,0x00000000fdd00000,0x00000000fee80000)
  to   space 17920K, 0% used [0x00000000fee80000,0x00000000fee80000,0x0000000100000000)
 ParOldGen       total 112640K, used 47245K [0x00000000c1800000, 0x00000000c8600000, 0x00000000eb300000)
  object space 112640K, 41% used [0x00000000c1800000,0x00000000c46235b0,0x00000000c8600000)
 Metaspace       used 56354K, capacity 58982K, committed 59096K, reserved 1099776K
  class space    used 7474K, capacity 7982K, committed 8064K, reserved 1048576K
}
Event: 138.665 GC heap before
{Heap before GC invocations=21 (full 3):
 PSYoungGen      total 323072K, used 305152K [0x00000000eb300000, 0x0000000100000000, 0x0000000100000000)
  eden space 305152K, 100% used [0x00000000eb300000,0x00000000fdd00000,0x00000000fdd00000)
  from space 17920K, 0% used [0x00000000fdd00000,0x00000000fdd00000,0x00000000fee80000)
  to   space 17920K, 0% used [0x00000000fee80000,0x00000000fee80000,0x0000000100000000)
 ParOldGen       total 112640K, used 47245K [0x00000000c1800000, 0x00000000c8600000, 0x00000000eb300000)
  object space 112640K, 41% used [0x00000000c1800000,0x00000000c46235b0,0x00000000c8600000)
 Metaspace       used 63690K, capacity 67064K, committed 67200K, reserved 1107968K
  class space    used 8427K, capacity 9011K, committed 9088K, reserved 1048576K
Event: 138.715 GC heap after
Heap after GC invocations=21 (full 3):
 PSYoungGen      total 315904K, used 13414K [0x00000000eb300000, 0x0000000100000000, 0x0000000100000000)
  eden space 297984K, 0% used [0x00000000eb300000,0x00000000eb300000,0x00000000fd600000)
  from space 17920K, 74% used [0x00000000fee80000,0x00000000ffb99ad8,0x0000000100000000)
  to   space 21504K, 0% used [0x00000000fd600000,0x00000000fd600000,0x00000000feb00000)
 ParOldGen       total 112640K, used 47253K [0x00000000c1800000, 0x00000000c8600000, 0x00000000eb300000)
  object space 112640K, 41% used [0x00000000c1800000,0x00000000c46255b0,0x00000000c8600000)
 Metaspace       used 63690K, capacity 67064K, committed 67200K, reserved 1107968K
  class space    used 8427K, capacity 9011K, committed 9088K, reserved 1048576K
}

