# JRE version: Java(TM) SE Runtime Environment (8.0_131-b11) (build 1.8.0_131-b11)
# Java VM: Java HotSpot(TM) 64-Bit Server VM (25.131-b11 mixed mode windows-amd64 compressed oops)
Heap:
 PSYoungGen      total 318464K, used 40577K [0x00000000eb300000, 0x0000000100000000, 0x0000000100000000)
  eden space 307200K, 13% used [0x00000000eb300000,0x00000000edaa05e8,0x00000000fdf00000)
  from space 11264K, 0% used [0x00000000fdf00000,0x00000000fdf00000,0x00000000fea00000)
  to   space 17408K, 0% used [0x00000000fef00000,0x00000000fef00000,0x0000000100000000)
 ParOldGen       total 60416K, used 47177K [0x00000000c1800000, 0x00000000c5300000, 0x00000000eb300000)
  object space 60416K, 78% used [0x00000000c1800000,0x00000000c4612628,0x00000000c5300000)
 Metaspace       used 56726K, capacity 59841K, committed 59992K, reserved 1101824K
  class space    used 7503K, capacity 8038K, committed 8064K, reserved 1048576K
GC Heap History (10 events):
Event: 80.807 GC heap before
{Heap before GC invocations=16 (full 2):
 PSYoungGen      total 264704K, used 264695K [0x00000000eb300000, 0x00000000ff080000, 0x0000000100000000)
  eden space 252416K, 100% used [0x00000000eb300000,0x00000000fa980000,0x00000000fa980000)
  from space 12288K, 99% used [0x00000000fa980000,0x00000000fb57dcd0,0x00000000fb580000)
  to   space 14336K, 0% used [0x00000000fe280000,0x00000000fe280000,0x00000000ff080000)
 ParOldGen       total 60416K, used 19818K [0x00000000c1800000, 0x00000000c5300000, 0x00000000eb300000)
  object space 60416K, 32% used [0x00000000c1800000,0x00000000c2b5ab20,0x00000000c5300000)
 Metaspace       used 43619K, capacity 45448K, committed 45568K, reserved 1089536K
  class space    used 5739K, capacity 6100K, committed 6144K, reserved 1048576K
Event: 81.040 GC heap after
Heap after GC invocations=16 (full 2):
 PSYoungGen      total 310784K, used 8406K [0x00000000eb300000, 0x00000000ff680000, 0x0000000100000000)
  eden space 296448K, 0% used [0x00000000eb300000,0x00000000eb300000,0x00000000fd480000)
  from space 14336K, 58% used [0x00000000fe280000,0x00000000feab5a90,0x00000000ff080000)
  to   space 14336K, 0% used [0x00000000fd480000,0x00000000fd480000,0x00000000fe280000)
 ParOldGen       total 60416K, used 28896K [0x00000000c1800000, 0x00000000c5300000, 0x00000000eb300000)
  object space 60416K, 47% used [0x00000000c1800000,0x00000000c34382f8,0x00000000c5300000)
 Metaspace       used 43619K, capacity 45448K, committed 45568K, reserved 1089536K
  class space    used 5739K, capacity 6100K, committed 6144K, reserved 1048576K
}
Event: 96.482 GC heap before
{Heap before GC invocations=17 (full 2):
 PSYoungGen      total 310784K, used 304854K [0x00000000eb300000, 0x00000000ff680000, 0x0000000100000000)
  eden space 296448K, 100% used [0x00000000eb300000,0x00000000fd480000,0x00000000fd480000)
  from space 14336K, 58% used [0x00000000fe280000,0x00000000feab5a90,0x00000000ff080000)
  to   space 14336K, 0% used [0x00000000fd480000,0x00000000fd480000,0x00000000fe280000)
 ParOldGen       total 60416K, used 28896K [0x00000000c1800000, 0x00000000c5300000, 0x00000000eb300000)
  object space 60416K, 47% used [0x00000000c1800000,0x00000000c34382f8,0x00000000c5300000)
 Metaspace       used 48470K, capacity 50622K, committed 50816K, reserved 1093632K
  class space    used 6386K, capacity 6780K, committed 6784K, reserved 1048576K
Event: 96.637 GC heap after
Heap after GC invocations=17 (full 2):
 PSYoungGen      total 310784K, used 14306K [0x00000000eb300000, 0x0000000100000000, 0x0000000100000000)
  eden space 296448K, 0% used [0x00000000eb300000,0x00000000eb300000,0x00000000fd480000)
  from space 14336K, 99% used [0x00000000fd480000,0x00000000fe278a80,0x00000000fe280000)
  to   space 16384K, 0% used [0x00000000ff000000,0x00000000ff000000,0x0000000100000000)
 ParOldGen       total 60416K, used 29169K [0x00000000c1800000, 0x00000000c5300000, 0x00000000eb300000)
  object space 60416K, 48% used [0x00000000c1800000,0x00000000c347c6b0,0x00000000c5300000)
 Metaspace       used 48470K, capacity 50622K, committed 50816K, reserved 1093632K
  class space    used 6386K, capacity 6780K, committed 6784K, reserved 1048576K
}
Event: 112.758 GC heap before
{Heap before GC invocations=18 (full 2):
 PSYoungGen      total 310784K, used 310754K [0x00000000eb300000, 0x0000000100000000, 0x0000000100000000)
  eden space 296448K, 100% used [0x00000000eb300000,0x00000000fd480000,0x00000000fd480000)
  from space 14336K, 99% used [0x00000000fd480000,0x00000000fe278a80,0x00000000fe280000)
  to   space 16384K, 0% used [0x00000000ff000000,0x00000000ff000000,0x0000000100000000)
 ParOldGen       total 60416K, used 29169K [0x00000000c1800000, 0x00000000c5300000, 0x00000000eb300000)
  object space 60416K, 48% used [0x00000000c1800000,0x00000000c347c6b0,0x00000000c5300000)
 Metaspace       used 53265K, capacity 55888K, committed 56192K, reserved 1097728K
  class space    used 6996K, capacity 7453K, committed 7552K, reserved 1048576K
Event: 112.933 GC heap after
Heap after GC invocations=18 (full 2):
 PSYoungGen      total 323584K, used 10850K [0x00000000eb300000, 0x0000000100000000, 0x0000000100000000)
  eden space 307200K, 0% used [0x00000000eb300000,0x00000000eb300000,0x00000000fdf00000)
  from space 16384K, 66% used [0x00000000ff000000,0x00000000ffa98818,0x0000000100000000)
  to   space 16896K, 0% used [0x00000000fdf00000,0x00000000fdf00000,0x00000000fef80000)
 ParOldGen       total 60416K, used 40006K [0x00000000c1800000, 0x00000000c5300000, 0x00000000eb300000)
  object space 60416K, 66% used [0x00000000c1800000,0x00000000c3f11bc8,0x00000000c5300000)
 Metaspace       used 53265K, capacity 55888K, committed 56192K, reserved 1097728K
  class space    used 6996K, capacity 7453K, committed 7552K, reserved 1048576K
}
Event: 130.520 GC heap before
{Heap before GC invocations=19 (full 2):
 PSYoungGen      total 323584K, used 93058K [0x00000000eb300000, 0x0000000100000000, 0x0000000100000000)
  eden space 307200K, 26% used [0x00000000eb300000,0x00000000f0348020,0x00000000fdf00000)
  from space 16384K, 66% used [0x00000000ff000000,0x00000000ffa98818,0x0000000100000000)
  to   space 16896K, 0% used [0x00000000fdf00000,0x00000000fdf00000,0x00000000fef80000)
 ParOldGen       total 60416K, used 40006K [0x00000000c1800000, 0x00000000c5300000, 0x00000000eb300000)
  object space 60416K, 66% used [0x00000000c1800000,0x00000000c3f11bc8,0x00000000c5300000)
 Metaspace       used 56273K, capacity 59015K, committed 59096K, reserved 1101824K
  class space    used 7402K, capacity 7887K, committed 7936K, reserved 1048576K
Event: 130.691 GC heap after
Heap after GC invocations=19 (full 2):
 PSYoungGen      total 318464K, used 11021K [0x00000000eb300000, 0x0000000100000000, 0x0000000100000000)
  eden space 307200K, 0% used [0x00000000eb300000,0x00000000eb300000,0x00000000fdf00000)
  from space 11264K, 97% used [0x00000000fdf00000,0x00000000fe9c35f8,0x00000000fea00000)
  to   space 17408K, 0% used [0x00000000fef00000,0x00000000fef00000,0x0000000100000000)
 ParOldGen       total 60416K, used 40014K [0x00000000c1800000, 0x00000000c5300000, 0x00000000eb300000)
  object space 60416K, 66% used [0x00000000c1800000,0x00000000c3f13bc8,0x00000000c5300000)
 Metaspace       used 56273K, capacity 59015K, committed 59096K, reserved 1101824K
  class space    used 7402K, capacity 7887K, committed 7936K, reserved 1048576K
}
Event: 130.692 GC heap before
{Heap before GC invocations=20 (full 3):
 PSYoungGen      total 318464K, used 11021K [0x00000000eb300000, 0x0000000100000000, 0x0000000100000000)
  eden space 307200K, 0% used [0x00000000eb300000,0x00000000eb300000,0x00000000fdf00000)
  from space 11264K, 97% used [0x00000000fdf00000,0x00000000fe9c35f8,0x00000000fea00000)
  to   space 17408K, 0% used [0x00000000fef00000,0x00000000fef00000,0x0000000100000000)
 ParOldGen       total 60416K, used 40014K [0x00000000c1800000, 0x00000000c5300000, 0x00000000eb300000)
  object space 60416K, 66% used [0x00000000c1800000,0x00000000c3f13bc8,0x00000000c5300000)
 Metaspace       used 56273K, capacity 59015K, committed 59096K, reserved 1101824K
  class space    used 7402K, capacity 7887K, committed 7936K, reserved 1048576K
Event: 133.176 GC heap after
Heap after GC invocations=20 (full 3):
 PSYoungGen      total 318464K, used 0K [0x00000000eb300000, 0x0000000100000000, 0x0000000100000000)
  eden space 307200K, 0% used [0x00000000eb300000,0x00000000eb300000,0x00000000fdf00000)
  from space 11264K, 0% used [0x00000000fdf00000,0x00000000fdf00000,0x00000000fea00000)
  to   space 17408K, 0% used [0x00000000fef00000,0x00000000fef00000,0x0000000100000000)
 ParOldGen       total 60416K, used 47177K [0x00000000c1800000, 0x00000000c5300000, 0x00000000eb300000)
  object space 60416K, 78% used [0x00000000c1800000,0x00000000c4612628,0x00000000c5300000)
 Metaspace       used 56273K, capacity 59015K, committed 59096K, reserved 1101824K
  class space    used 7402K, capacity 7887K, committed 7936K, reserved 1048576K
}

