# JRE version: Java(TM) SE Runtime Environment (8.0_131-b11) (build 1.8.0_131-b11)
# Java VM: Java HotSpot(TM) 64-Bit Server VM (25.131-b11 mixed mode windows-amd64 compressed oops)
Heap:
 PSYoungGen      total 304128K, used 63994K [0x00000000eb300000, 0x0000000100000000, 0x0000000100000000)
  eden space 291328K, 21% used [0x00000000eb300000,0x00000000ef17eb10,0x00000000fcf80000)
  from space 12800K, 0% used [0x00000000fcf80000,0x00000000fcf80000,0x00000000fdc00000)
  to   space 13824K, 0% used [0x00000000ff280000,0x00000000ff280000,0x0000000100000000)
 ParOldGen       total 86016K, used 39208K [0x00000000c1800000, 0x00000000c6c00000, 0x00000000eb300000)
  object space 86016K, 45% used [0x00000000c1800000,0x00000000c3e4a2c0,0x00000000c6c00000)
 Metaspace       used 56236K, capacity 59702K, committed 60032K, reserved 1101824K
  class space    used 7635K, capacity 8209K, committed 8320K, reserved 1048576K
GC Heap History (10 events):
Event: 103.129 GC heap before
{Heap before GC invocations=18 (full 2):
 PSYoungGen      total 189952K, used 189936K [0x00000000eb300000, 0x00000000fae80000, 0x0000000100000000)
  eden space 180736K, 100% used [0x00000000eb300000,0x00000000f6380000,0x00000000f6380000)
  from space 9216K, 99% used [0x00000000f6380000,0x00000000f6c7c290,0x00000000f6c80000)
  to   space 10752K, 0% used [0x00000000fa400000,0x00000000fa400000,0x00000000fae80000)
 ParOldGen       total 57344K, used 22843K [0x00000000c1800000, 0x00000000c5000000, 0x00000000eb300000)
  object space 57344K, 39% used [0x00000000c1800000,0x00000000c2e4ef98,0x00000000c5000000)
 Metaspace       used 39808K, capacity 41660K, committed 41856K, reserved 1085440K
  class space    used 5373K, capacity 5734K, committed 5760K, reserved 1048576K
Event: 103.454 GC heap after
Heap after GC invocations=18 (full 2):
 PSYoungGen      total 247296K, used 4894K [0x00000000eb300000, 0x00000000fb380000, 0x0000000100000000)
  eden space 236544K, 0% used [0x00000000eb300000,0x00000000eb300000,0x00000000f9a00000)
  from space 10752K, 45% used [0x00000000fa400000,0x00000000fa8c7a80,0x00000000fae80000)
  to   space 10240K, 0% used [0x00000000f9a00000,0x00000000f9a00000,0x00000000fa400000)
 ParOldGen       total 57344K, used 30459K [0x00000000c1800000, 0x00000000c5000000, 0x00000000eb300000)
  object space 57344K, 53% used [0x00000000c1800000,0x00000000c35bed00,0x00000000c5000000)
 Metaspace       used 39808K, capacity 41660K, committed 41856K, reserved 1085440K
  class space    used 5373K, capacity 5734K, committed 5760K, reserved 1048576K
}
Event: 129.148 GC heap before
{Heap before GC invocations=19 (full 2):
 PSYoungGen      total 247296K, used 241438K [0x00000000eb300000, 0x00000000fb380000, 0x0000000100000000)
  eden space 236544K, 100% used [0x00000000eb300000,0x00000000f9a00000,0x00000000f9a00000)
  from space 10752K, 45% used [0x00000000fa400000,0x00000000fa8c7a80,0x00000000fae80000)
  to   space 10240K, 0% used [0x00000000f9a00000,0x00000000f9a00000,0x00000000fa400000)
 ParOldGen       total 57344K, used 30459K [0x00000000c1800000, 0x00000000c5000000, 0x00000000eb300000)
  object space 57344K, 53% used [0x00000000c1800000,0x00000000c35bed00,0x00000000c5000000)
 Metaspace       used 46167K, capacity 48694K, committed 48896K, reserved 1091584K
  class space    used 6153K, capacity 6592K, committed 6656K, reserved 1048576K
Event: 129.707 GC heap after
Heap after GC invocations=19 (full 2):
 PSYoungGen      total 246784K, used 10218K [0x00000000eb300000, 0x00000000fea00000, 0x0000000100000000)
  eden space 236544K, 0% used [0x00000000eb300000,0x00000000eb300000,0x00000000f9a00000)
  from space 10240K, 99% used [0x00000000f9a00000,0x00000000fa3faa20,0x00000000fa400000)
  to   space 13312K, 0% used [0x00000000fdd00000,0x00000000fdd00000,0x00000000fea00000)
 ParOldGen       total 57344K, used 35344K [0x00000000c1800000, 0x00000000c5000000, 0x00000000eb300000)
  object space 57344K, 61% used [0x00000000c1800000,0x00000000c3a84270,0x00000000c5000000)
 Metaspace       used 46167K, capacity 48694K, committed 48896K, reserved 1091584K
  class space    used 6153K, capacity 6592K, committed 6656K, reserved 1048576K
}
Event: 148.546 GC heap before
{Heap before GC invocations=20 (full 2):
 PSYoungGen      total 246784K, used 246762K [0x00000000eb300000, 0x00000000fea00000, 0x0000000100000000)
  eden space 236544K, 100% used [0x00000000eb300000,0x00000000f9a00000,0x00000000f9a00000)
  from space 10240K, 99% used [0x00000000f9a00000,0x00000000fa3faa20,0x00000000fa400000)
  to   space 13312K, 0% used [0x00000000fdd00000,0x00000000fdd00000,0x00000000fea00000)
 ParOldGen       total 57344K, used 35344K [0x00000000c1800000, 0x00000000c5000000, 0x00000000eb300000)
  object space 57344K, 61% used [0x00000000c1800000,0x00000000c3a84270,0x00000000c5000000)
 Metaspace       used 48204K, capacity 50952K, committed 51200K, reserved 1093632K
  class space    used 6429K, capacity 6903K, committed 6912K, reserved 1048576K
Event: 148.823 GC heap after
Heap after GC invocations=20 (full 2):
 PSYoungGen      total 303104K, used 7132K [0x00000000eb300000, 0x00000000fe880000, 0x0000000100000000)
  eden space 291328K, 0% used [0x00000000eb300000,0x00000000eb300000,0x00000000fcf80000)
  from space 11776K, 60% used [0x00000000fdd00000,0x00000000fe3f70d0,0x00000000fe880000)
  to   space 12800K, 0% used [0x00000000fcf80000,0x00000000fcf80000,0x00000000fdc00000)
 ParOldGen       total 57344K, used 42216K [0x00000000c1800000, 0x00000000c5000000, 0x00000000eb300000)
  object space 57344K, 73% used [0x00000000c1800000,0x00000000c413a370,0x00000000c5000000)
 Metaspace       used 48204K, capacity 50952K, committed 51200K, reserved 1093632K
  class space    used 6429K, capacity 6903K, committed 6912K, reserved 1048576K
}
Event: 204.789 GC heap before
{Heap before GC invocations=21 (full 2):
 PSYoungGen      total 303104K, used 270261K [0x00000000eb300000, 0x00000000fe880000, 0x0000000100000000)
  eden space 291328K, 90% used [0x00000000eb300000,0x00000000fb3f6400,0x00000000fcf80000)
  from space 11776K, 60% used [0x00000000fdd00000,0x00000000fe3f70d0,0x00000000fe880000)
  to   space 12800K, 0% used [0x00000000fcf80000,0x00000000fcf80000,0x00000000fdc00000)
 ParOldGen       total 57344K, used 42216K [0x00000000c1800000, 0x00000000c5000000, 0x00000000eb300000)
  object space 57344K, 73% used [0x00000000c1800000,0x00000000c413a370,0x00000000c5000000)
 Metaspace       used 55759K, capacity 59050K, committed 59136K, reserved 1099776K
  class space    used 7548K, capacity 8107K, committed 8192K, reserved 1048576K
Event: 206.392 GC heap after
Heap after GC invocations=21 (full 2):
 PSYoungGen      total 304128K, used 10638K [0x00000000eb300000, 0x0000000100000000, 0x0000000100000000)
  eden space 291328K, 0% used [0x00000000eb300000,0x00000000eb300000,0x00000000fcf80000)
  from space 12800K, 83% used [0x00000000fcf80000,0x00000000fd9e3840,0x00000000fdc00000)
  to   space 13824K, 0% used [0x00000000ff280000,0x00000000ff280000,0x0000000100000000)
 ParOldGen       total 57344K, used 45728K [0x00000000c1800000, 0x00000000c5000000, 0x00000000eb300000)
  object space 57344K, 79% used [0x00000000c1800000,0x00000000c44a83f0,0x00000000c5000000)
 Metaspace       used 55759K, capacity 59050K, committed 59136K, reserved 1099776K
  class space    used 7548K, capacity 8107K, committed 8192K, reserved 1048576K
}
Event: 206.393 GC heap before
{Heap before GC invocations=22 (full 3):
 PSYoungGen      total 304128K, used 10638K [0x00000000eb300000, 0x0000000100000000, 0x0000000100000000)
  eden space 291328K, 0% used [0x00000000eb300000,0x00000000eb300000,0x00000000fcf80000)
  from space 12800K, 83% used [0x00000000fcf80000,0x00000000fd9e3840,0x00000000fdc00000)
  to   space 13824K, 0% used [0x00000000ff280000,0x00000000ff280000,0x0000000100000000)
 ParOldGen       total 57344K, used 45728K [0x00000000c1800000, 0x00000000c5000000, 0x00000000eb300000)
  object space 57344K, 79% used [0x00000000c1800000,0x00000000c44a83f0,0x00000000c5000000)
 Metaspace       used 55759K, capacity 59050K, committed 59136K, reserved 1099776K
  class space    used 7548K, capacity 8107K, committed 8192K, reserved 1048576K
Event: 209.058 GC heap after
Heap after GC invocations=22 (full 3):
 PSYoungGen      total 304128K, used 0K [0x00000000eb300000, 0x0000000100000000, 0x0000000100000000)
  eden space 291328K, 0% used [0x00000000eb300000,0x00000000eb300000,0x00000000fcf80000)
  from space 12800K, 0% used [0x00000000fcf80000,0x00000000fcf80000,0x00000000fdc00000)
  to   space 13824K, 0% used [0x00000000ff280000,0x00000000ff280000,0x0000000100000000)
 ParOldGen       total 86016K, used 39208K [0x00000000c1800000, 0x00000000c6c00000, 0x00000000eb300000)
  object space 86016K, 45% used [0x00000000c1800000,0x00000000c3e4a2c0,0x00000000c6c00000)
 Metaspace       used 55753K, capacity 59034K, committed 59136K, reserved 1099776K
  class space    used 7546K, capacity 8103K, committed 8192K, reserved 1048576K
}

